@!@!@STARTMSG 2262:0 @!@!@
TLC2 Version 2.09 of 10 March 2017
@!@!@ENDMSG 2262 @!@!@
@!@!@STARTMSG 2187:0 @!@!@
Running in Model-Checking mode with 2 workers.
@!@!@ENDMSG 2187 @!@!@
@!@!@STARTMSG 2220:0 @!@!@
Starting SANY...
@!@!@ENDMSG 2220 @!@!@
Parsing file MC.tla
Parsing file t2pc.tla
Parsing file /Users/xinboyu/Desktop/TLA+ Toolbox.app/Contents/Eclipse/plugins/org.lamport.tlatools_1.0.0.201704142137/tla2sany/StandardModules/TLC.tla
Parsing file /Users/xinboyu/Desktop/TLA+ Toolbox.app/Contents/Eclipse/plugins/org.lamport.tlatools_1.0.0.201704142137/tla2sany/StandardModules/Integers.tla
Parsing file /Users/xinboyu/Desktop/TLA+ Toolbox.app/Contents/Eclipse/plugins/org.lamport.tlatools_1.0.0.201704142137/tla2sany/StandardModules/Sequences.tla
Parsing file /Users/xinboyu/Desktop/TLA+ Toolbox.app/Contents/Eclipse/plugins/org.lamport.tlatools_1.0.0.201704142137/tla2sany/StandardModules/FiniteSets.tla
Parsing file /Users/xinboyu/Desktop/TLA+ Toolbox.app/Contents/Eclipse/plugins/org.lamport.tlatools_1.0.0.201704142137/tla2sany/StandardModules/Naturals.tla
Semantic processing of module Naturals
Semantic processing of module Integers
Semantic processing of module Sequences
Semantic processing of module FiniteSets
Semantic processing of module TLC
Semantic processing of module t2pc
Semantic processing of module MC
@!@!@STARTMSG 2219:0 @!@!@
SANY finished.
@!@!@ENDMSG 2219 @!@!@
@!@!@STARTMSG 2185:0 @!@!@
Starting... (2017-12-05 11:22:11)
@!@!@ENDMSG 2185 @!@!@
@!@!@STARTMSG 2212:0 @!@!@
Implied-temporal checking--satisfiability problem has 1 branches.
@!@!@ENDMSG 2212 @!@!@
@!@!@STARTMSG 2189:0 @!@!@
Computing initial states...
@!@!@ENDMSG 2189 @!@!@
@!@!@STARTMSG 2190:0 @!@!@
Finished computing initial states: 1 distinct state generated.
@!@!@ENDMSG 2190 @!@!@
@!@!@STARTMSG 2200:0 @!@!@
Progress(13) at 2017-12-05 11:22:16: 1749 states generated, 287 distinct states found, 0 states left on queue.
@!@!@ENDMSG 2200 @!@!@
@!@!@STARTMSG 2192:0 @!@!@
Checking temporal properties for the complete state space with 287 total distinct states at (2017-12-05 11:22:16)
@!@!@ENDMSG 2192 @!@!@
@!@!@STARTMSG 2116:1 @!@!@
Temporal properties were violated.

@!@!@ENDMSG 2116 @!@!@
@!@!@STARTMSG 2264:1 @!@!@
The following behavior constitutes a counter-example:

@!@!@ENDMSG 2264 @!@!@
@!@!@STARTMSG 2217:4 @!@!@
1: <Initial predicate>
/\ pc = (0 :> "TS_" @@ 1 :> "RS" @@ 2 :> "RS" @@ 3 :> "RS")
/\ rmState = <<"working", "working", "working">>
/\ tmState = "init"

@!@!@ENDMSG 2217 @!@!@
@!@!@STARTMSG 2217:4 @!@!@
2: <Action line 96, col 13 to line 117, col 32 of module t2pc>
/\ pc = (0 :> "TS_" @@ 1 :> "RS" @@ 2 :> "RS" @@ 3 :> "RS")
/\ rmState = <<"working", "working", "aborted">>
/\ tmState = "init"

@!@!@ENDMSG 2217 @!@!@
@!@!@STARTMSG 2217:4 @!@!@
3: <Action line 96, col 13 to line 117, col 32 of module t2pc>
/\ pc = (0 :> "TS_" @@ 1 :> "RS" @@ 2 :> "RS" @@ 3 :> "Done")
/\ rmState = <<"working", "working", "aborted">>
/\ tmState = "init"

@!@!@ENDMSG 2217 @!@!@
@!@!@STARTMSG 2217:4 @!@!@
4: <Action line 121, col 8 to line 126, col 42 of module t2pc>
/\ pc = (0 :> "TA_" @@ 1 :> "RS" @@ 2 :> "RS" @@ 3 :> "Done")
/\ rmState = <<"working", "working", "aborted">>
/\ tmState = "init"

@!@!@ENDMSG 2217 @!@!@
@!@!@STARTMSG 2217:4 @!@!@
5: <Action line 96, col 13 to line 117, col 32 of module t2pc>
/\ pc = (0 :> "TA_" @@ 1 :> "RS" @@ 2 :> "RS" @@ 3 :> "Done")
/\ rmState = <<"working", "aborted", "aborted">>
/\ tmState = "init"

@!@!@ENDMSG 2217 @!@!@
@!@!@STARTMSG 2217:4 @!@!@
6: <Action line 141, col 8 to line 144, col 27 of module t2pc>
/\ pc = (0 :> "F2" @@ 1 :> "RS" @@ 2 :> "RS" @@ 3 :> "Done")
/\ rmState = <<"working", "aborted", "aborted">>
/\ tmState = "aborted"

@!@!@ENDMSG 2217 @!@!@
@!@!@STARTMSG 2217:4 @!@!@
7: <Action line 146, col 7 to line 152, col 26 of module t2pc>
/\ pc = (0 :> "Done" @@ 1 :> "RS" @@ 2 :> "RS" @@ 3 :> "Done")
/\ rmState = <<"working", "aborted", "aborted">>
/\ tmState = "hidden"

@!@!@ENDMSG 2217 @!@!@
@!@!@STARTMSG 2217:4 @!@!@
8: <Action line 96, col 13 to line 117, col 32 of module t2pc>
/\ pc = (0 :> "Done" @@ 1 :> "RS" @@ 2 :> "Done" @@ 3 :> "Done")
/\ rmState = <<"working", "aborted", "aborted">>
/\ tmState = "hidden"

@!@!@ENDMSG 2217 @!@!@
@!@!@STARTMSG 2217:4 @!@!@
9: <Action line 96, col 13 to line 117, col 32 of module t2pc>
/\ pc = (0 :> "Done" @@ 1 :> "RS" @@ 2 :> "Done" @@ 3 :> "Done")
/\ rmState = <<"prepared", "aborted", "aborted">>
/\ tmState = "hidden"

@!@!@ENDMSG 2217 @!@!@
@!@!@STARTMSG 2218:4 @!@!@
10: Stuttering
@!@!@ENDMSG 2218 @!@!@
@!@!@STARTMSG 2267:0 @!@!@
Finished checking temporal properties in 00s at 2017-12-05 11:22:16
@!@!@ENDMSG 2267 @!@!@
@!@!@STARTMSG 2201:0 @!@!@
The coverage statistics at 2017-12-05 11:22:16
@!@!@ENDMSG 2201 @!@!@
@!@!@STARTMSG 2221:0 @!@!@
  line 101, col 50 to line 101, col 98 of module t2pc: 27
@!@!@ENDMSG 2221 @!@!@
@!@!@STARTMSG 2221:0 @!@!@
  line 103, col 60 to line 103, col 66 of module t2pc: 342
@!@!@ENDMSG 2221 @!@!@
@!@!@STARTMSG 2221:0 @!@!@
  line 105, col 50 to line 105, col 96 of module t2pc: 192
@!@!@ENDMSG 2221 @!@!@
@!@!@STARTMSG 2221:0 @!@!@
  line 107, col 60 to line 107, col 66 of module t2pc: 177
@!@!@ENDMSG 2221 @!@!@
@!@!@STARTMSG 2221:0 @!@!@
  line 109, col 50 to line 109, col 95 of module t2pc: 0
@!@!@ENDMSG 2221 @!@!@
@!@!@STARTMSG 2221:0 @!@!@
  line 111, col 60 to line 111, col 66 of module t2pc: 0
@!@!@ENDMSG 2221 @!@!@
@!@!@STARTMSG 2221:0 @!@!@
  line 113, col 54 to line 113, col 60 of module t2pc: 369
@!@!@ENDMSG 2221 @!@!@
@!@!@STARTMSG 2221:0 @!@!@
  line 114, col 27 to line 114, col 58 of module t2pc: 1263
@!@!@ENDMSG 2221 @!@!@
@!@!@STARTMSG 2221:0 @!@!@
  line 115, col 27 to line 115, col 60 of module t2pc: 246
@!@!@ENDMSG 2221 @!@!@
@!@!@STARTMSG 2221:0 @!@!@
  line 116, col 37 to line 116, col 43 of module t2pc: 246
@!@!@ENDMSG 2221 @!@!@
@!@!@STARTMSG 2221:0 @!@!@
  line 117, col 26 to line 117, col 32 of module t2pc: 1509
@!@!@ENDMSG 2221 @!@!@
@!@!@STARTMSG 2221:0 @!@!@
  line 123, col 17 to line 123, col 46 of module t2pc: 1
@!@!@ENDMSG 2221 @!@!@
@!@!@STARTMSG 2221:0 @!@!@
  line 125, col 17 to line 125, col 46 of module t2pc: 96
@!@!@ENDMSG 2221 @!@!@
@!@!@STARTMSG 2221:0 @!@!@
  line 126, col 24 to line 126, col 30 of module t2pc: 97
@!@!@ENDMSG 2221 @!@!@
@!@!@STARTMSG 2221:0 @!@!@
  line 126, col 33 to line 126, col 39 of module t2pc: 97
@!@!@ENDMSG 2221 @!@!@
@!@!@STARTMSG 2221:0 @!@!@
  line 129, col 11 to line 129, col 32 of module t2pc: 1
@!@!@ENDMSG 2221 @!@!@
@!@!@STARTMSG 2221:0 @!@!@
  line 130, col 11 to line 130, col 39 of module t2pc: 1
@!@!@ENDMSG 2221 @!@!@
@!@!@STARTMSG 2221:0 @!@!@
  line 131, col 21 to line 131, col 27 of module t2pc: 1
@!@!@ENDMSG 2221 @!@!@
@!@!@STARTMSG 2221:0 @!@!@
  line 135, col 21 to line 135, col 39 of module t2pc: 27
@!@!@ENDMSG 2221 @!@!@
@!@!@STARTMSG 2221:0 @!@!@
  line 137, col 31 to line 137, col 37 of module t2pc: 0
@!@!@ENDMSG 2221 @!@!@
@!@!@STARTMSG 2221:0 @!@!@
  line 138, col 10 to line 138, col 40 of module t2pc: 27
@!@!@ENDMSG 2221 @!@!@
@!@!@STARTMSG 2221:0 @!@!@
  line 139, col 20 to line 139, col 26 of module t2pc: 27
@!@!@ENDMSG 2221 @!@!@
@!@!@STARTMSG 2221:0 @!@!@
  line 142, col 11 to line 142, col 30 of module t2pc: 56
@!@!@ENDMSG 2221 @!@!@
@!@!@STARTMSG 2221:0 @!@!@
  line 143, col 11 to line 143, col 39 of module t2pc: 56
@!@!@ENDMSG 2221 @!@!@
@!@!@STARTMSG 2221:0 @!@!@
  line 144, col 21 to line 144, col 27 of module t2pc: 56
@!@!@ENDMSG 2221 @!@!@
@!@!@STARTMSG 2221:0 @!@!@
  line 148, col 21 to line 148, col 39 of module t2pc: 56
@!@!@ENDMSG 2221 @!@!@
@!@!@STARTMSG 2221:0 @!@!@
  line 150, col 31 to line 150, col 37 of module t2pc: 0
@!@!@ENDMSG 2221 @!@!@
@!@!@STARTMSG 2221:0 @!@!@
  line 151, col 10 to line 151, col 40 of module t2pc: 56
@!@!@ENDMSG 2221 @!@!@
@!@!@STARTMSG 2221:0 @!@!@
  line 152, col 20 to line 152, col 26 of module t2pc: 56
@!@!@ENDMSG 2221 @!@!@
@!@!@STARTMSG 2221:0 @!@!@
  line 160, col 21 to line 160, col 49 of module t2pc: 0
@!@!@ENDMSG 2221 @!@!@
@!@!@STARTMSG 2221:0 @!@!@
  line 161, col 21 to line 161, col 51 of module t2pc: 0
@!@!@ENDMSG 2221 @!@!@
@!@!@STARTMSG 2221:0 @!@!@
  line 162, col 23 to line 162, col 29 of module t2pc: 0
@!@!@ENDMSG 2221 @!@!@
@!@!@STARTMSG 2221:0 @!@!@
  line 162, col 32 to line 162, col 38 of module t2pc: 0
@!@!@ENDMSG 2221 @!@!@
@!@!@STARTMSG 2221:0 @!@!@
  line 166, col 16 to line 166, col 44 of module t2pc: 0
@!@!@ENDMSG 2221 @!@!@
@!@!@STARTMSG 2221:0 @!@!@
  line 168, col 16 to line 168, col 44 of module t2pc: 0
@!@!@ENDMSG 2221 @!@!@
@!@!@STARTMSG 2221:0 @!@!@
  line 169, col 23 to line 169, col 29 of module t2pc: 0
@!@!@ENDMSG 2221 @!@!@
@!@!@STARTMSG 2221:0 @!@!@
  line 169, col 32 to line 169, col 38 of module t2pc: 0
@!@!@ENDMSG 2221 @!@!@
@!@!@STARTMSG 2221:0 @!@!@
  line 172, col 10 to line 172, col 31 of module t2pc: 0
@!@!@ENDMSG 2221 @!@!@
@!@!@STARTMSG 2221:0 @!@!@
  line 173, col 10 to line 173, col 40 of module t2pc: 0
@!@!@ENDMSG 2221 @!@!@
@!@!@STARTMSG 2221:0 @!@!@
  line 174, col 20 to line 174, col 26 of module t2pc: 0
@!@!@ENDMSG 2221 @!@!@
@!@!@STARTMSG 2221:0 @!@!@
  line 177, col 10 to line 177, col 29 of module t2pc: 0
@!@!@ENDMSG 2221 @!@!@
@!@!@STARTMSG 2221:0 @!@!@
  line 178, col 10 to line 178, col 40 of module t2pc: 0
@!@!@ENDMSG 2221 @!@!@
@!@!@STARTMSG 2221:0 @!@!@
  line 179, col 20 to line 179, col 26 of module t2pc: 0
@!@!@ENDMSG 2221 @!@!@
@!@!@STARTMSG 2221:0 @!@!@
  line 85, col 12 to line 85, col 18 of module t2pc: 2
@!@!@ENDMSG 2221 @!@!@
@!@!@STARTMSG 2221:0 @!@!@
  line 85, col 21 to line 85, col 27 of module t2pc: 2
@!@!@ENDMSG 2221 @!@!@
@!@!@STARTMSG 2221:0 @!@!@
  line 85, col 30 to line 85, col 31 of module t2pc: 2
@!@!@ENDMSG 2221 @!@!@
@!@!@STARTMSG 2221:0 @!@!@
  line 99, col 33 to line 99, col 80 of module t2pc: 156
@!@!@ENDMSG 2221 @!@!@
@!@!@STARTMSG 2202:0 @!@!@
End of statistics.
@!@!@ENDMSG 2202 @!@!@
@!@!@STARTMSG 2200:0 @!@!@
Progress(13) at 2017-12-05 11:22:16: 1749 states generated (18,221 s/min), 287 distinct states found (2,990 ds/min), 0 states left on queue.
@!@!@ENDMSG 2200 @!@!@
@!@!@STARTMSG 2199:0 @!@!@
1749 states generated, 287 distinct states found, 0 states left on queue.
@!@!@ENDMSG 2199 @!@!@
@!@!@STARTMSG 2186:0 @!@!@
Finished in 06s at (2017-12-05 11:22:16)
@!@!@ENDMSG 2186 @!@!@
